<?xml version="1.0" encoding="UTF-8"?>
<!-- Generated by org.testng.reporters.JUnitXMLReporter -->
<testsuite ignored="9" hostname="LAPTOP-IMMMEIT9" failures="0" tests="1" name="Default test" time="11.711" errors="0" timestamp="2026-09-25T21:03:04 EET">
  <testcase classname="ProductTest" name="Logout" time="8.839"/>
  <testcase classname="ProductTest" name="searchEL" time="0.0">
    <ignored/>
  </testcase> <!-- searchEL -->
  <testcase classname="ProductTest" name="viewProductDetailsTest" time="0.0">
    <ignored/>
  </testcase> <!-- viewProductDetailsTest -->
  <testcase classname="ProductTest" name="testUpdateQuantityAndRemove" time="0.0">
    <ignored/>
  </testcase> <!-- testUpdateQuantityAndRemove -->
  <testcase classname="ProductTest" name="ManagingAccountInformation" time="0.0">
    <ignored/>
  </testcase> <!-- ManagingAccountInformation -->
  <testcase classname="ProductTest" name="checkThatItemAddedSuccessfully" time="0.0">
    <ignored/>
  </testcase> <!-- checkThatItemAddedSuccessfully -->
  <testcase classname="ProductTest" name="SubscribeNewsletter" time="0.0">
    <ignored/>
  </testcase> <!-- SubscribeNewsletter -->
  <testcase classname="ProductTest" name="checkShoppingCartItems" time="0.0">
    <ignored/>
  </testcase> <!-- checkShoppingCartItems -->
  <testcase classname="ProductTest" name="viewOrders" time="0.0">
    <ignored/>
  </testcase> <!-- viewOrders -->
  <testcase classname="ProductTest" name="checkoutItems" time="0.0">
    <ignored/>
  </testcase> <!-- checkoutItems -->
</testsuite> <!-- Default test -->
