<?xml version="1.0" encoding="UTF-8"?>
<testng-results ignored="9" total="10" passed="1" failed="0" skipped="0">
  <reporter-output>
  </reporter-output>
  <suite started-at="2026-09-25T21:02:52 EET" name="Default suite" finished-at="2026-09-25T21:03:04 EET" duration-ms="11711">
    <groups>
    </groups>
    <test started-at="2026-09-25T21:02:52 EET" name="Default test" finished-at="2026-09-25T21:03:04 EET" duration-ms="11711">
      <class name="ProductTest">
        <test-method is-config="true" signature="SetUp()[pri:0, instance:ProductTest@5fe94a96]" started-at="2026-09-25T21:02:52 EET" name="SetUp" finished-at="2026-09-25T21:02:55 EET" duration-ms="2685" status="PASS">
          <reporter-output>
          </reporter-output>
        </test-method> <!-- SetUp -->
        <test-method signature="Logout()[pri:10, instance:ProductTest@5fe94a96]" started-at="2026-09-25T21:02:55 EET" name="Logout" finished-at="2026-09-25T21:03:03 EET" duration-ms="8839" status="PASS">
          <reporter-output>
          </reporter-output>
        </test-method> <!-- Logout -->
        <test-method is-config="true" signature="tearDown()[pri:0, instance:ProductTest@5fe94a96]" started-at="2026-09-25T21:03:03 EET" name="tearDown" finished-at="2026-09-25T21:03:04 EET" duration-ms="158" status="PASS">
          <reporter-output>
          </reporter-output>
        </test-method> <!-- tearDown -->
      </class> <!-- ProductTest -->
    </test> <!-- Default test -->
  </suite> <!-- Default suite -->
</testng-results>
