<?xml version="1.0" encoding="UTF-8"?>
<!-- Generated by org.testng.reporters.JUnitReportReporter -->
<testsuite hostname="LAPTOP-IMMMEIT9" failures="0" tests="10" name="ProductTest" time="11.682" errors="0" timestamp="2026-09-25T21:03:04 EET" skipped="9">
  <testcase classname="ProductTest" name="Logout" time="11.682"/>
  <testcase classname="ProductTest" name="searchEL">
    <skipped/>
  </testcase> <!-- searchEL -->
  <testcase classname="ProductTest" name="viewProductDetailsTest">
    <skipped/>
  </testcase> <!-- viewProductDetailsTest -->
  <testcase classname="ProductTest" name="testUpdateQuantityAndRemove">
    <skipped/>
  </testcase> <!-- testUpdateQuantityAndRemove -->
  <testcase classname="ProductTest" name="ManagingAccountInformation">
    <skipped/>
  </testcase> <!-- ManagingAccountInformation -->
  <testcase classname="ProductTest" name="checkThatItemAddedSuccessfully">
    <skipped/>
  </testcase> <!-- checkThatItemAddedSuccessfully -->
  <testcase classname="ProductTest" name="SubscribeNewsletter">
    <skipped/>
  </testcase> <!-- SubscribeNewsletter -->
  <testcase classname="ProductTest" name="checkShoppingCartItems">
    <skipped/>
  </testcase> <!-- checkShoppingCartItems -->
  <testcase classname="ProductTest" name="viewOrders">
    <skipped/>
  </testcase> <!-- viewOrders -->
  <testcase classname="ProductTest" name="checkoutItems">
    <skipped/>
  </testcase> <!-- checkoutItems -->
</testsuite> <!-- ProductTest -->
